Loading required package: Matrix

Attaching package: ‘Matrix’

The following objects are masked from ‘package:tidyr’:

    expand, pack, unpack


Attaching package: ‘lmerTest’

The following object is masked from ‘package:lme4’:

    lmer

The following object is masked from ‘package:stats’:

    step


Attaching package: ‘dplyr’

The following object is masked from ‘package:gridExtra’:

    combine

The following objects are masked from ‘package:stats’:

    filter, lag

The following objects are masked from ‘package:base’:

    intersect, setdiff, setequal, union

Loading required package: carData
lattice theme set by effectsTheme()
See ?effectsTheme for details.
Welcome to emmeans.
Caution: You lose important information if you filter this package's results.
See '? untidy'
[1] 16.0863
            dimension_X
color_form            0
dimension_X           1
       first second
both       0      0
first      1      0
second     0      1
Linear mixed model fit by REML. t-tests use Satterthwaite's method [
lmerModLmerTest]
Formula: transli ~ relevant_property * combination * dist + (1 | id) +  
    (1 | item)
   Data: data

REML criterion at convergence: 50301.4

Scaled residuals: 
    Min      1Q  Median      3Q     Max 
-3.6796 -0.4761  0.1437  0.6900  2.5338 

Random effects:
 Groups   Name        Variance Std.Dev.
 id       (Intercept)  1.85313 1.3613  
 item     (Intercept)  0.06223 0.2495  
 Residual             10.94210 3.3079  
Number of obs: 9548, groups:  id, 120; item, 27

Fixed effects:
                                                           Estimate Std. Error
(Intercept)                                                 0.68255    0.16717
relevant_propertyfirst                                      1.02590    0.14266
relevant_propertysecond                                    -1.50795    0.14256
combinationdimension_X                                      1.38253    0.12385
distsharp                                                   0.13387    0.32026
relevant_propertyfirst:combinationdimension_X              -0.12921    0.17574
relevant_propertysecond:combinationdimension_X              0.12145    0.17484
relevant_propertyfirst:distsharp                            0.09405    0.28533
relevant_propertysecond:distsharp                          -0.67927    0.28512
combinationdimension_X:distsharp                           -0.08731    0.24769
relevant_propertyfirst:combinationdimension_X:distsharp     0.47149    0.35148
relevant_propertysecond:combinationdimension_X:distsharp    0.48322    0.34969
                                                                 df t value
(Intercept)                                               278.45262   4.083
relevant_propertyfirst                                   9391.93172   7.191
relevant_propertysecond                                  9391.92604 -10.577
combinationdimension_X                                   9393.44365  11.163
distsharp                                                 280.26838   0.418
relevant_propertyfirst:combinationdimension_X            9393.08123  -0.735
relevant_propertysecond:combinationdimension_X           9392.27182   0.695
relevant_propertyfirst:distsharp                         9391.96640   0.330
relevant_propertysecond:distsharp                        9391.93168  -2.382
combinationdimension_X:distsharp                         9392.48964  -0.352
relevant_propertyfirst:combinationdimension_X:distsharp  9393.12709   1.341
relevant_propertysecond:combinationdimension_X:distsharp 9392.18729   1.382
                                                         Pr(>|t|)    
(Intercept)                                              5.82e-05 ***
relevant_propertyfirst                                   6.92e-13 ***
relevant_propertysecond                                   < 2e-16 ***
combinationdimension_X                                    < 2e-16 ***
distsharp                                                  0.6763    
relevant_propertyfirst:combinationdimension_X              0.4622    
relevant_propertysecond:combinationdimension_X             0.4873    
relevant_propertyfirst:distsharp                           0.7417    
relevant_propertysecond:distsharp                          0.0172 *  
combinationdimension_X:distsharp                           0.7245    
relevant_propertyfirst:combinationdimension_X:distsharp    0.1798    
relevant_propertysecond:combinationdimension_X:distsharp   0.1670    
---
Signif. codes:  0 ‘***’ 0.001 ‘**’ 0.01 ‘*’ 0.05 ‘.’ 0.1 ‘ ’ 1

Correlation of Fixed Effects:
                  (Intr) rlvnt_prprtyf rlvnt_prprtys cmbn_X dstshr
rlvnt_prprtyf     -0.427                                          
rlvnt_prprtys     -0.427  0.501                                   
cmbntndmn_X       -0.492  0.576         0.577                     
distsharp          0.032 -0.015        -0.015        -0.017       
rlvnt_prprtyf:_X   0.347 -0.812        -0.406        -0.705  0.012
rlvnt_prprtys:_X   0.348 -0.408        -0.815        -0.708  0.012
rlvnt_prprtyf:    -0.014  0.034         0.017         0.019 -0.446
rlvnt_prprtys:    -0.014  0.017         0.033         0.019 -0.446
cmbntndm_X:       -0.016  0.019         0.019         0.029 -0.513
rlvnt_prprtyf:_X:  0.012 -0.028        -0.014        -0.021  0.362
rlvnt_prprtys:_X:  0.012 -0.014        -0.027        -0.021  0.364
                  rlvnt_prprtyf:_X rlvnt_prprtys:_X rlvnt_prprtyf:
rlvnt_prprtyf                                                     
rlvnt_prprtys                                                     
cmbntndmn_X                                                       
distsharp                                                         
rlvnt_prprtyf:_X                                                  
rlvnt_prprtys:_X   0.499                                          
rlvnt_prprtyf:    -0.028           -0.014                         
rlvnt_prprtys:    -0.014           -0.027            0.501        
cmbntndm_X:       -0.021           -0.021            0.576        
rlvnt_prprtyf:_X:  0.022            0.015           -0.812        
rlvnt_prprtys:_X:  0.015            0.031           -0.408        
                  rlvnt_prprtys: cmb_X: rlvnt_prprtyf:_X:
rlvnt_prprtyf                                            
rlvnt_prprtys                                            
cmbntndmn_X                                              
distsharp                                                
rlvnt_prprtyf:_X                                         
rlvnt_prprtys:_X                                         
rlvnt_prprtyf:                                           
rlvnt_prprtys:                                           
cmbntndm_X:        0.577                                 
rlvnt_prprtyf:_X: -0.406         -0.705                  
rlvnt_prprtys:_X: -0.815         -0.708  0.499           
Type III Analysis of Variance Table with Satterthwaite's method
                                   Sum Sq Mean Sq NumDF  DenDF  F value
relevant_property                  8371.1  4185.6     2 9392.8 382.5181
combination                        4063.8  4063.8     1 9396.9 371.3908
dist                                  0.5     0.5     1  119.9   0.0440
relevant_property:combination        22.3    11.2     2 9392.9   1.0206
relevant_property:dist              210.9   105.5     2 9392.8   9.6384
combination:dist                     28.5    28.5     1 9393.5   2.6012
relevant_property:combination:dist   27.1    13.5     2 9392.9   1.2377
                                      Pr(>F)    
relevant_property                  < 2.2e-16 ***
combination                        < 2.2e-16 ***
dist                                  0.8343    
relevant_property:combination         0.3604    
relevant_property:dist             6.583e-05 ***
combination:dist                      0.1068    
relevant_property:combination:dist    0.2901    
---
Signif. codes:  0 ‘***’ 0.001 ‘**’ 0.01 ‘*’ 0.05 ‘.’ 0.1 ‘ ’ 1
Backward reduced random-effect table:

           Eliminated npar logLik   AIC     LRT Df Pr(>Chisq)    
<none>                  15 -25151 50331                          
(1 | id)            0   14 -25729 51486 1156.70  1  < 2.2e-16 ***
(1 | item)          0   14 -25162 50353   23.19  1  1.468e-06 ***
---
Signif. codes:  0 ‘***’ 0.001 ‘**’ 0.01 ‘*’ 0.05 ‘.’ 0.1 ‘ ’ 1

Backward reduced fixed-effect table:
Degrees of freedom method: Satterthwaite 

                                   Eliminated Sum Sq Mean Sq NumDF  DenDF
relevant_property:combination:dist          1   27.1    13.5     2 9392.9
relevant_property:combination               2   22.1    11.1     2 9394.9
combination:dist                            3   28.0    28.0     1 9397.5
combination                                 0 4056.4  4056.4     1 9402.0
relevant_property:dist                      0  227.5   113.8     2 9398.6
                                    F value    Pr(>F)    
relevant_property:combination:dist   1.2377    0.2901    
relevant_property:combination        1.0099    0.3643    
combination:dist                     2.5590    0.1097    
combination                        370.6301 < 2.2e-16 ***
relevant_property:dist              10.3945 3.095e-05 ***
---
Signif. codes:  0 ‘***’ 0.001 ‘**’ 0.01 ‘*’ 0.05 ‘.’ 0.1 ‘ ’ 1

Model found:
transli ~ relevant_property + combination + dist + (1 | id) + (1 | item) + relevant_property:dist
Warning message:
In checkConv(attr(opt, "derivs"), opt$par, ctrl = control$checkConv,  :
  Model failed to converge with max|grad| = 0.00260561 (tol = 0.002, component 1)
Linear mixed model fit by REML. t-tests use Satterthwaite's method [
lmerModLmerTest]
Formula: transli ~ relevant_property * dist + (1 | id) + (1 | item)
   Data: data_cf

REML criterion at convergence: 17450.6

Scaled residuals: 
     Min       1Q   Median       3Q      Max 
-3.04025 -0.65702  0.06078  0.72816  2.78923 

Random effects:
 Groups   Name        Variance Std.Dev.
 id       (Intercept)  2.0783  1.4416  
 item     (Intercept)  0.4004  0.6328  
 Residual             11.9690  3.4596  
Number of obs: 3233, groups:  id, 120; item, 27

Fixed effects:
                                    Estimate Std. Error         df t value
(Intercept)                          0.68486    0.20813  105.17923   3.291
relevant_propertyfirst               1.02634    0.14921 3085.46394   6.878
relevant_propertysecond             -1.50927    0.14911 3085.47842 -10.122
distsharp                            0.14043    0.33750  211.50787   0.416
relevant_propertyfirst:distsharp     0.09055    0.29842 3085.48818   0.303
relevant_propertysecond:distsharp   -0.68643    0.29821 3085.48040  -2.302
                                  Pr(>|t|)    
(Intercept)                        0.00136 ** 
relevant_propertyfirst            7.29e-12 ***
relevant_propertysecond            < 2e-16 ***
distsharp                          0.67776    
relevant_propertyfirst:distsharp   0.76159    
relevant_propertysecond:distsharp  0.02141 *  
---
Signif. codes:  0 ‘***’ 0.001 ‘**’ 0.01 ‘*’ 0.05 ‘.’ 0.1 ‘ ’ 1

Correlation of Fixed Effects:
               (Intr) rlvnt_prprtyf rlvnt_prprtys dstshr rlvnt_prprtyf:
rlvnt_prprtyf  -0.359                                                  
rlvnt_prprtys  -0.359  0.501                                           
distsharp       0.027 -0.015        -0.015                             
rlvnt_prprtyf: -0.012  0.034         0.017        -0.442               
rlvnt_prprtys: -0.012  0.017         0.033        -0.443  0.501        
optimizer (nloptwrap) convergence code: 0 (OK)
Model failed to converge with max|grad| = 0.00260561 (tol = 0.002, component 1)

Type III Analysis of Variance Table with Satterthwaite's method
                       Sum Sq Mean Sq NumDF   DenDF  F value  Pr(>F)    
relevant_property      3505.3 1752.64     2 3085.47 146.4318 < 2e-16 ***
dist                      0.5    0.48     1  116.08   0.0402 0.84138    
relevant_property:dist   97.3   48.63     2 3085.48   4.0630 0.01729 *  
---
Signif. codes:  0 ‘***’ 0.001 ‘**’ 0.01 ‘*’ 0.05 ‘.’ 0.1 ‘ ’ 1
boundary (singular) fit: see help('isSingular')
Linear mixed model fit by REML. t-tests use Satterthwaite's method [
lmerModLmerTest]
Formula: transli ~ relevant_property * dist + (1 | id) + (1 | item)
   Data: data_d

REML criterion at convergence: 31997.5

Scaled residuals: 
    Min      1Q  Median      3Q     Max 
-4.0192 -0.3920  0.0831  0.5990  2.6206 

Random effects:
 Groups   Name        Variance Std.Dev.
 id       (Intercept) 3.289    1.814   
 item     (Intercept) 0.000    0.000   
 Residual             8.763    2.960   
Number of obs: 6315, groups:  id, 120; item, 27

Fixed effects:
                                    Estimate Std. Error         df t value
(Intercept)                          2.06459    0.17767  141.50620  11.620
relevant_propertyfirst               0.89484    0.09183 6191.56731   9.744
relevant_propertysecond             -1.38549    0.09059 6191.21722 -15.295
distsharp                            0.04703    0.35534  141.50620   0.132
relevant_propertyfirst:distsharp     0.57339    0.18367 6191.56731   3.122
relevant_propertysecond:distsharp   -0.19686    0.18117 6191.21722  -1.087
                                  Pr(>|t|)    
(Intercept)                        < 2e-16 ***
relevant_propertyfirst             < 2e-16 ***
relevant_propertysecond            < 2e-16 ***
distsharp                          0.89489    
relevant_propertyfirst:distsharp   0.00181 ** 
relevant_propertysecond:distsharp  0.27727    
---
Signif. codes:  0 ‘***’ 0.001 ‘**’ 0.01 ‘*’ 0.05 ‘.’ 0.1 ‘ ’ 1

Correlation of Fixed Effects:
               (Intr) rlvnt_prprtyf rlvnt_prprtys dstshr rlvnt_prprtyf:
rlvnt_prprtyf  -0.253                                                  
rlvnt_prprtys  -0.257  0.496                                           
distsharp       0.032 -0.005        -0.005                             
rlvnt_prprtyf: -0.005 -0.001         0.010        -0.253               
rlvnt_prprtys: -0.005  0.010         0.027        -0.257  0.496        
optimizer (nloptwrap) convergence code: 0 (OK)
boundary (singular) fit: see help('isSingular')

Type III Analysis of Variance Table with Satterthwaite's method
                       Sum Sq Mean Sq NumDF  DenDF  F value    Pr(>F)    
relevant_property      5540.9 2770.43     2 6191.6 316.1541 < 2.2e-16 ***
dist                      2.3    2.26     1  118.0   0.2582    0.6123    
relevant_property:dist  166.1   83.06     2 6191.6   9.4784  7.76e-05 ***
---
Signif. codes:  0 ‘***’ 0.001 ‘**’ 0.01 ‘*’ 0.05 ‘.’ 0.1 ‘ ’ 1
Linear mixed model fit by REML. t-tests use Satterthwaite's method [
lmerModLmerTest]
Formula: transli ~ dist + (1 | id) + (1 | item)
   Data: data_dfirst

REML criterion at convergence: 9439

Scaled residuals: 
    Min      1Q  Median      3Q     Max 
-4.5541 -0.1646  0.1028  0.3951  2.4020 

Random effects:
 Groups   Name        Variance Std.Dev.
 id       (Intercept) 2.67945  1.6369  
 item     (Intercept) 0.01511  0.1229  
 Residual             5.23448  2.2879  
Number of obs: 2039, groups:  id, 120; item, 27

Fixed effects:
            Estimate Std. Error       df t value Pr(>|t|)    
(Intercept)   2.9691     0.1597 115.2848  18.592   <2e-16 ***
distsharp     0.5986     0.3159 118.2329   1.895   0.0605 .  
---
Signif. codes:  0 ‘***’ 0.001 ‘**’ 0.01 ‘*’ 0.05 ‘.’ 0.1 ‘ ’ 1

Correlation of Fixed Effects:
          (Intr)
distsharp 0.027 
Type III Analysis of Variance Table with Satterthwaite's method
     Sum Sq Mean Sq NumDF  DenDF F value  Pr(>F)  
dist 18.798  18.798     1 118.23  3.5913 0.06053 .
---
Signif. codes:  0 ‘***’ 0.001 ‘**’ 0.01 ‘*’ 0.05 ‘.’ 0.1 ‘ ’ 1
Linear mixed model fit by REML. t-tests use Satterthwaite's method [
lmerModLmerTest]
Formula: transli ~ dist + (1 | id) + (1 | item)
   Data: data_dsecond

REML criterion at convergence: 11058.2

Scaled residuals: 
    Min      1Q  Median      3Q     Max 
-3.5124 -0.3316  0.0241  0.3845  3.3546 

Random effects:
 Groups   Name        Variance Std.Dev.
 id       (Intercept) 7.865726 2.80459 
 item     (Intercept) 0.004794 0.06924 
 Residual             8.509163 2.91705 
Number of obs: 2152, groups:  id, 120; item, 27

Fixed effects:
            Estimate Std. Error       df t value Pr(>|t|)  
(Intercept)   0.6795     0.2641 116.6979   2.573   0.0113 *
distsharp    -0.1438     0.5276 117.9865  -0.273   0.7857  
---
Signif. codes:  0 ‘***’ 0.001 ‘**’ 0.01 ‘*’ 0.05 ‘.’ 0.1 ‘ ’ 1

Correlation of Fixed Effects:
          (Intr)
distsharp 0.033 
Type III Analysis of Variance Table with Satterthwaite's method
      Sum Sq Mean Sq NumDF  DenDF F value Pr(>F)
dist 0.63217 0.63217     1 117.99  0.0743 0.7857
boundary (singular) fit: see help('isSingular')
Linear mixed model fit by REML. t-tests use Satterthwaite's method [
lmerModLmerTest]
Formula: transli ~ relevant_property + (1 | id) + (1 | item)
   Data: data_dsharp

REML criterion at convergence: 15902.9

Scaled residuals: 
    Min      1Q  Median      3Q     Max 
-3.9667 -0.4269  0.0753  0.6123  2.5874 

Random effects:
 Groups   Name        Variance Std.Dev.
 id       (Intercept) 3.812    1.952   
 item     (Intercept) 0.000    0.000   
 Residual             9.021    3.003   
Number of obs: 3120, groups:  id, 58; item, 27

Fixed effects:
                         Estimate Std. Error        df t value Pr(>|t|)    
(Intercept)                2.0881     0.2728   67.0047   7.655 1.01e-10 ***
relevant_propertyfirst     1.1816     0.1317 3060.0160   8.971  < 2e-16 ***
relevant_propertysecond   -1.4839     0.1317 3060.0109 -11.266  < 2e-16 ***
---
Signif. codes:  0 ‘***’ 0.001 ‘**’ 0.01 ‘*’ 0.05 ‘.’ 0.1 ‘ ’ 1

Correlation of Fixed Effects:
              (Intr) rlvnt_prprtyf
rlvnt_prprtyf -0.241              
rlvnt_prprtys -0.241  0.500       
optimizer (nloptwrap) convergence code: 0 (OK)
boundary (singular) fit: see help('isSingular')

Type III Analysis of Variance Table with Satterthwaite's method
                  Sum Sq Mean Sq NumDF DenDF F value    Pr(>F)    
relevant_property 3710.2  1855.1     2  3060  205.65 < 2.2e-16 ***
---
Signif. codes:  0 ‘***’ 0.001 ‘**’ 0.01 ‘*’ 0.05 ‘.’ 0.1 ‘ ’ 1
boundary (singular) fit: see help('isSingular')
Linear mixed model fit by REML. t-tests use Satterthwaite's method [
lmerModLmerTest]
Formula: transli ~ relevant_property + (1 | id) + (1 | item)
   Data: data_dblurred

REML criterion at convergence: 16090.8

Scaled residuals: 
    Min      1Q  Median      3Q     Max 
-3.6756 -0.3401  0.0876  0.5778  2.2664 

Random effects:
 Groups   Name        Variance Std.Dev.
 id       (Intercept) 2.798    1.673   
 item     (Intercept) 0.000    0.000   
 Residual             8.511    2.917   
Number of obs: 3195, groups:  id, 62; item, 27

Fixed effects:
                         Estimate Std. Error        df t value Pr(>|t|)    
(Intercept)                2.0410     0.2302   74.9523   8.866 2.69e-13 ***
relevant_propertyfirst     0.6082     0.1280 3131.5870   4.750 2.13e-06 ***
relevant_propertysecond   -1.2870     0.1246 3131.1975 -10.333  < 2e-16 ***
---
Signif. codes:  0 ‘***’ 0.001 ‘**’ 0.01 ‘*’ 0.05 ‘.’ 0.1 ‘ ’ 1

Correlation of Fixed Effects:
              (Intr) rlvnt_prprtyf
rlvnt_prprtyf -0.266              
rlvnt_prprtys -0.274  0.492       
optimizer (nloptwrap) convergence code: 0 (OK)
boundary (singular) fit: see help('isSingular')

Type III Analysis of Variance Table with Satterthwaite's method
                  Sum Sq Mean Sq NumDF  DenDF F value    Pr(>F)    
relevant_property   1995   997.5     2 3131.6   117.2 < 2.2e-16 ***
---
Signif. codes:  0 ‘***’ 0.001 ‘**’ 0.01 ‘*’ 0.05 ‘.’ 0.1 ‘ ’ 1
Linear mixed model fit by REML. t-tests use Satterthwaite's method [
lmerModLmerTest]
Formula: transli ~ dist + (1 | id) + (1 | item)
   Data: data_dboth

REML criterion at convergence: 10836.9

Scaled residuals: 
    Min      1Q  Median      3Q     Max 
-3.4593 -0.2182  0.1125  0.4675  2.1627 

Random effects:
 Groups   Name        Variance Std.Dev.
 id       (Intercept) 3.103563 1.76169 
 item     (Intercept) 0.005079 0.07126 
 Residual             8.591164 2.93107 
Number of obs: 2124, groups:  id, 120; item, 27

Fixed effects:
             Estimate Std. Error        df t value Pr(>|t|)    
(Intercept)   2.06305    0.17358 108.70044  11.885   <2e-16 ***
distsharp     0.04696    0.34608 118.02957   0.136    0.892    
---
Signif. codes:  0 ‘***’ 0.001 ‘**’ 0.01 ‘*’ 0.05 ‘.’ 0.1 ‘ ’ 1

Correlation of Fixed Effects:
          (Intr)
distsharp 0.031 
Type III Analysis of Variance Table with Satterthwaite's method
      Sum Sq Mean Sq NumDF  DenDF F value Pr(>F)
dist 0.15815 0.15815     1 118.03  0.0184 0.8923
refitting model(s) with ML (instead of REML)
Data: data
Models:
m1: data$sli ~ relevant_property + combination + dist + (1 | id) + (1 | item) + relevant_property:combination + relevant_property:dist + combination:dist
m0: data$sli ~ relevant_property * combination * dist + (1 | id) + (1 | item)
   npar    AIC    BIC  logLik deviance Chisq Df Pr(>Chisq)
m1   13 7123.3 7216.4 -3548.6   7097.3                    
m0   15 7123.4 7230.9 -3546.7   7093.4 3.861  2     0.1451
refitting model(s) with ML (instead of REML)
Data: data
Models:
m2: data$sli ~ relevant_property + combination + dist + (1 | id) + (1 | item) + relevant_property:combination + relevant_property:dist
m1: data$sli ~ relevant_property + combination + dist + (1 | id) + (1 | item) + relevant_property:combination + relevant_property:dist + combination:dist
   npar    AIC    BIC  logLik deviance  Chisq Df Pr(>Chisq)
m2   12 7123.6 7209.5 -3549.8   7099.6                     
m1   13 7123.3 7216.4 -3548.6   7097.3 2.2973  1     0.1296
refitting model(s) with ML (instead of REML)
Data: data
Models:
m3: data$sli ~ relevant_property + combination + dist + (1 | id) + (1 | item) + relevant_property:combination
m2: data$sli ~ relevant_property + combination + dist + (1 | id) + (1 | item) + relevant_property:combination + relevant_property:dist
   npar    AIC    BIC  logLik deviance  Chisq Df Pr(>Chisq)   
m3   10 7131.1 7202.7 -3555.5   7111.1                        
m2   12 7123.6 7209.5 -3549.8   7099.6 11.519  2   0.003153 **
---
Signif. codes:  0 ‘***’ 0.001 ‘**’ 0.01 ‘*’ 0.05 ‘.’ 0.1 ‘ ’ 1
refitting model(s) with ML (instead of REML)
Data: data
Models:
m4: data$sli ~ relevant_property + combination + dist + (1 | id) + (1 | item)
m3: data$sli ~ relevant_property + combination + dist + (1 | id) + (1 | item) + relevant_property:combination
   npar    AIC    BIC  logLik deviance  Chisq Df Pr(>Chisq)
m4    8 7130.6 7187.9 -3557.3   7114.6                     
m3   10 7131.1 7202.7 -3555.5   7111.1 3.5214  2     0.1719
refitting model(s) with ML (instead of REML)
Data: data
Models:
m5: data$sli ~ relevant_property + dist + (1 | id) + (1 | item)
m4: data$sli ~ relevant_property + combination + dist + (1 | id) + (1 | item)
   npar    AIC    BIC  logLik deviance  Chisq Df Pr(>Chisq)    
m5    7 7528.7 7578.8 -3757.3   7514.7                         
m4    8 7130.6 7187.9 -3557.3   7114.6 400.06  1  < 2.2e-16 ***
---
Signif. codes:  0 ‘***’ 0.001 ‘**’ 0.01 ‘*’ 0.05 ‘.’ 0.1 ‘ ’ 1
refitting model(s) with ML (instead of REML)
Data: data
Models:
m6: data$sli ~ relevant_property + (1 | id) + (1 | item)
m5: data$sli ~ relevant_property + dist + (1 | id) + (1 | item)
   npar    AIC    BIC  logLik deviance  Chisq Df Pr(>Chisq)
m6    6 7526.7 7569.7 -3757.3   7514.7                     
m5    7 7528.7 7578.8 -3757.3   7514.7 0.0106  1     0.9182
refitting model(s) with ML (instead of REML)
Data: data
Models:
m7: data$sli ~ (1 | id) + (1 | item)
m6: data$sli ~ relevant_property + (1 | id) + (1 | item)
   npar    AIC    BIC  logLik deviance  Chisq Df Pr(>Chisq)    
m7    4 8428.1 8456.8 -4210.1   8420.1                         
m6    6 7526.7 7569.7 -3757.3   7514.7 905.41  2  < 2.2e-16 ***
---
Signif. codes:  0 ‘***’ 0.001 ‘**’ 0.01 ‘*’ 0.05 ‘.’ 0.1 ‘ ’ 1
